00:33:26:028  INFO 21920 --- [main] com.study.cart.CartApplication           : The following 1 profile is active: "dev"
00:33:26:783  INFO 21920 --- [main] o.s.cloud.context.scope.GenericScope     : BeanFactory id=7fde47e9-655a-322b-866f-7eb9855006b1
00:33:27:012  INFO 21920 --- [main] o.s.b.w.embedded.tomcat.TomcatWebServer  : Tomcat initialized with port(s): 9090 (http)
00:33:27:019  INFO 21920 --- [main] o.apache.catalina.core.StandardService   : Starting service [Tomcat]
00:33:27:020  INFO 21920 --- [main] org.apache.catalina.core.StandardEngine  : Starting Servlet engine: [Apache Tomcat/9.0.75]
00:33:27:103  INFO 21920 --- [main] o.a.c.c.C.[Tomcat].[localhost].[/]       : Initializing Spring embedded WebApplicationContext
00:33:27:104  INFO 21920 --- [main] w.s.c.ServletWebServerApplicationContext : Root WebApplicationContext: initialization completed in 1059 ms
00:33:27:271  INFO 21920 --- [main] o.s.c.openfeign.FeignClientFactoryBean   : For 'item-service' URL not provided. Will try picking an instance via load-balancing.
00:33:28:977  INFO 21920 --- [main] pertySourcedRequestMappingHandlerMapping : Mapped URL path [/v2/api-docs] onto method [springfox.documentation.swagger2.web.Swagger2ControllerWebMvc#getDocumentation(String, HttpServletRequest)]
00:33:29:428  INFO 21920 --- [main] com.alibaba.nacos.common.remote.client   : [RpcClientFactory] create a new rpc client of b75f62a1-845a-4e6e-a511-b0e5636a4be7
00:33:29:429  INFO 21920 --- [main] com.alibaba.nacos.common.remote.client   : [b75f62a1-845a-4e6e-a511-b0e5636a4be7] RpcClient init label, labels = {module=naming, source=sdk}
00:33:29:430  INFO 21920 --- [main] com.alibaba.nacos.common.remote.client   : [b75f62a1-845a-4e6e-a511-b0e5636a4be7] RpcClient init, ServerListFactory = com.alibaba.nacos.client.naming.core.ServerListManager
00:33:29:430  INFO 21920 --- [main] com.alibaba.nacos.common.remote.client   : [b75f62a1-845a-4e6e-a511-b0e5636a4be7] Registry connection listener to current client:com.alibaba.nacos.client.naming.remote.gprc.redo.NamingGrpcRedoService
00:33:29:430  INFO 21920 --- [main] com.alibaba.nacos.common.remote.client   : [b75f62a1-845a-4e6e-a511-b0e5636a4be7] Register server push request handler:com.alibaba.nacos.client.naming.remote.gprc.NamingPushRequestHandler
00:33:29:431  INFO 21920 --- [main] com.alibaba.nacos.common.remote.client   : [b75f62a1-845a-4e6e-a511-b0e5636a4be7] Try to connect to server on start up, server: {serverIp = '122.51.89.85', server main port = 8848}
00:33:29:665  INFO 21920 --- [main] com.alibaba.nacos.common.remote.client   : [b75f62a1-845a-4e6e-a511-b0e5636a4be7] Success to connect to server [122.51.89.85:8848] on start up, connectionId = 1731170009477_111.19.93.232_25373
00:33:29:665  INFO 21920 --- [main] com.alibaba.nacos.common.remote.client   : [b75f62a1-845a-4e6e-a511-b0e5636a4be7] Register server push request handler:com.alibaba.nacos.common.remote.client.RpcClient$ConnectResetRequestHandler
00:33:29:665  INFO 21920 --- [main] com.alibaba.nacos.common.remote.client   : [b75f62a1-845a-4e6e-a511-b0e5636a4be7] Register server push request handler:com.alibaba.nacos.common.remote.client.RpcClient$$Lambda$471/0x000000080041b040
00:33:29:665  INFO 21920 --- [com.alibaba.nacos.client.remote.worker] com.alibaba.nacos.common.remote.client   : [b75f62a1-845a-4e6e-a511-b0e5636a4be7] Notify connected event to listeners.
00:33:29:743  INFO 21920 --- [main] o.s.b.w.embedded.tomcat.TomcatWebServer  : Tomcat started on port(s): 9090 (http) with context path ''
00:33:29:788  INFO 21920 --- [main] c.a.c.n.registry.NacosServiceRegistry    : nacos registry, DEFAULT_GROUP cart-service 192.168.0.103:9090 register finished
00:33:30:085  INFO 21920 --- [main] d.s.w.p.DocumentationPluginsBootstrapper : Documentation plugins bootstrapped
00:33:30:088  INFO 21920 --- [main] d.s.w.p.DocumentationPluginsBootstrapper : Found 1 custom documentation plugin(s)
00:33:30:106  INFO 21920 --- [main] s.d.s.w.s.ApiListingReferenceScanner     : Scanning for api listing references
00:33:30:115  INFO 21920 --- [main] com.study.cart.CartApplication           : Started CartApplication in 7.39 seconds (JVM running for 8.518)
00:33:30:120  INFO 21920 --- [main] c.a.c.n.refresh.NacosContextRefresher    : [Nacos Config] Listening config: dataId=cart-service, group=DEFAULT_GROUP
00:33:30:121  INFO 21920 --- [main] c.a.c.n.refresh.NacosContextRefresher    : [Nacos Config] Listening config: dataId=cart-service.yaml, group=DEFAULT_GROUP
00:33:30:121  INFO 21920 --- [main] c.a.c.n.refresh.NacosContextRefresher    : [Nacos Config] Listening config: dataId=cart-service-dev.yaml, group=DEFAULT_GROUP
00:33:30:278  INFO 21920 --- [nacos-grpc-client-executor-5] com.alibaba.nacos.common.remote.client   : [b75f62a1-845a-4e6e-a511-b0e5636a4be7] Receive server push request, request = NotifySubscriberRequest, requestId = 198
00:33:30:280  INFO 21920 --- [nacos-grpc-client-executor-5] com.alibaba.nacos.common.remote.client   : [b75f62a1-845a-4e6e-a511-b0e5636a4be7] Ack server push request, request = NotifySubscriberRequest, requestId = 198
00:33:33:179  INFO 21920 --- [http-nio-9090-exec-1] o.a.c.c.C.[Tomcat].[localhost].[/]       : Initializing Spring DispatcherServlet 'dispatcherServlet'
00:33:33:180  INFO 21920 --- [http-nio-9090-exec-1] o.s.web.servlet.DispatcherServlet        : Initializing Servlet 'dispatcherServlet'
00:33:33:181  INFO 21920 --- [http-nio-9090-exec-1] o.s.web.servlet.DispatcherServlet        : Completed initialization in 1 ms
00:55:23:892  WARN 21920 --- [Thread-1] c.a.n.common.http.HttpClientBeanHolder   : [HttpClientBeanHolder] Start destroying common HttpClient
00:55:23:892  WARN 21920 --- [Thread-5] c.a.nacos.common.notify.NotifyCenter     : [NotifyCenter] Start destroying Publisher
00:55:23:893  WARN 21920 --- [Thread-5] c.a.nacos.common.notify.NotifyCenter     : [NotifyCenter] Destruction of the end
00:55:23:893  WARN 21920 --- [Thread-1] c.a.n.common.http.HttpClientBeanHolder   : [HttpClientBeanHolder] Destruction of the end
00:55:24:138  INFO 21920 --- [SpringApplicationShutdownHook] c.a.c.n.registry.NacosServiceRegistry    : De-registering from Nacos Server now...
00:55:24:194  INFO 21920 --- [SpringApplicationShutdownHook] c.a.c.n.registry.NacosServiceRegistry    : De-registration finished.
00:55:24:517  INFO 21920 --- [SpringApplicationShutdownHook] com.alibaba.nacos.common.remote.client   : Shutdown rpc client, set status to shutdown
00:55:24:518  INFO 21920 --- [SpringApplicationShutdownHook] com.alibaba.nacos.common.remote.client   : Shutdown client event executor java.util.concurrent.ScheduledThreadPoolExecutor@6492d4de[Running, pool size = 2, active threads = 2, queued tasks = 0, completed tasks = 0]
00:55:24:518  INFO 21920 --- [SpringApplicationShutdownHook] com.alibaba.nacos.common.remote.client   : Close current connection 1731170009477_111.19.93.232_25373
00:55:24:521  INFO 21920 --- [SpringApplicationShutdownHook] c.a.n.c.remote.client.grpc.GrpcClient    : Shutdown grpc executor java.util.concurrent.ThreadPoolExecutor@2952bfce[Running, pool size = 4, active threads = 0, queued tasks = 0, completed tasks = 276]
