00:08:45:207  INFO 31152 --- [main] com.study.item.ItemApplication           : The following 1 profile is active: "dev"
00:08:46:124  INFO 31152 --- [main] o.s.cloud.context.scope.GenericScope     : BeanFactory id=425c85e8-42ae-3ea4-aa3f-b3fdf6d0a496
00:08:46:413  INFO 31152 --- [main] o.s.b.w.embedded.tomcat.TomcatWebServer  : Tomcat initialized with port(s): 10010 (http)
00:08:46:421  INFO 31152 --- [main] o.apache.catalina.core.StandardService   : Starting service [Tomcat]
00:08:46:421  INFO 31152 --- [main] org.apache.catalina.core.StandardEngine  : Starting Servlet engine: [Apache Tomcat/9.0.75]
00:08:46:524  INFO 31152 --- [main] o.a.c.c.C.[Tomcat].[localhost].[/]       : Initializing Spring embedded WebApplicationContext
00:08:46:524  INFO 31152 --- [main] w.s.c.ServletWebServerApplicationContext : Root WebApplicationContext: initialization completed in 1298 ms
00:08:48:605  INFO 31152 --- [main] pertySourcedRequestMappingHandlerMapping : Mapped URL path [/v2/api-docs] onto method [springfox.documentation.swagger2.web.Swagger2ControllerWebMvc#getDocumentation(String, HttpServletRequest)]
00:08:49:322  INFO 31152 --- [main] com.alibaba.nacos.common.remote.client   : [RpcClientFactory] create a new rpc client of 8334b7aa-c621-4d3a-9309-1922f8a4e623
00:08:49:322  INFO 31152 --- [main] com.alibaba.nacos.common.remote.client   : [8334b7aa-c621-4d3a-9309-1922f8a4e623] RpcClient init label, labels = {module=naming, source=sdk}
00:08:49:324  INFO 31152 --- [main] com.alibaba.nacos.common.remote.client   : [8334b7aa-c621-4d3a-9309-1922f8a4e623] RpcClient init, ServerListFactory = com.alibaba.nacos.client.naming.core.ServerListManager
00:08:49:324  INFO 31152 --- [main] com.alibaba.nacos.common.remote.client   : [8334b7aa-c621-4d3a-9309-1922f8a4e623] Registry connection listener to current client:com.alibaba.nacos.client.naming.remote.gprc.redo.NamingGrpcRedoService
00:08:49:324  INFO 31152 --- [main] com.alibaba.nacos.common.remote.client   : [8334b7aa-c621-4d3a-9309-1922f8a4e623] Register server push request handler:com.alibaba.nacos.client.naming.remote.gprc.NamingPushRequestHandler
00:08:49:325  INFO 31152 --- [main] com.alibaba.nacos.common.remote.client   : [8334b7aa-c621-4d3a-9309-1922f8a4e623] Try to connect to server on start up, server: {serverIp = '122.51.89.85', server main port = 8848}
00:08:50:343  INFO 31152 --- [main] com.alibaba.nacos.common.remote.client   : [8334b7aa-c621-4d3a-9309-1922f8a4e623] Success to connect to server [122.51.89.85:8848] on start up, connectionId = 1728317330530_118.181.164.57_47733
00:08:50:344  INFO 31152 --- [main] com.alibaba.nacos.common.remote.client   : [8334b7aa-c621-4d3a-9309-1922f8a4e623] Register server push request handler:com.alibaba.nacos.common.remote.client.RpcClient$ConnectResetRequestHandler
00:08:50:344  INFO 31152 --- [main] com.alibaba.nacos.common.remote.client   : [8334b7aa-c621-4d3a-9309-1922f8a4e623] Register server push request handler:com.alibaba.nacos.common.remote.client.RpcClient$$Lambda$472/0x000000080048f440
00:08:50:344  INFO 31152 --- [com.alibaba.nacos.client.remote.worker] com.alibaba.nacos.common.remote.client   : [8334b7aa-c621-4d3a-9309-1922f8a4e623] Notify connected event to listeners.
00:08:50:691  INFO 31152 --- [main] o.s.b.w.embedded.tomcat.TomcatWebServer  : Tomcat started on port(s): 10010 (http) with context path ''
00:08:50:999  INFO 31152 --- [main] c.a.c.n.registry.NacosServiceRegistry    : nacos registry, DEFAULT_GROUP item-service 100.71.225.26:10010 register finished
00:08:51:224  INFO 31152 --- [nacos-grpc-client-executor-7] com.alibaba.nacos.common.remote.client   : [8334b7aa-c621-4d3a-9309-1922f8a4e623] Receive server push request, request = NotifySubscriberRequest, requestId = 196
00:08:51:229  INFO 31152 --- [nacos-grpc-client-executor-7] com.alibaba.nacos.common.remote.client   : [8334b7aa-c621-4d3a-9309-1922f8a4e623] Ack server push request, request = NotifySubscriberRequest, requestId = 196
00:08:51:372  INFO 31152 --- [main] d.s.w.p.DocumentationPluginsBootstrapper : Documentation plugins bootstrapped
00:08:51:375  INFO 31152 --- [main] d.s.w.p.DocumentationPluginsBootstrapper : Found 1 custom documentation plugin(s)
00:08:51:394  INFO 31152 --- [main] s.d.s.w.s.ApiListingReferenceScanner     : Scanning for api listing references
00:08:51:512  INFO 31152 --- [main] com.study.item.ItemApplication           : Started ItemApplication in 10.605 seconds (JVM running for 11.679)
00:08:51:520  INFO 31152 --- [main] c.a.c.n.refresh.NacosContextRefresher    : [Nacos Config] Listening config: dataId=item-service-dev.yaml, group=DEFAULT_GROUP
00:08:51:521  INFO 31152 --- [main] c.a.c.n.refresh.NacosContextRefresher    : [Nacos Config] Listening config: dataId=item-service.yaml, group=DEFAULT_GROUP
00:08:51:521  INFO 31152 --- [main] c.a.c.n.refresh.NacosContextRefresher    : [Nacos Config] Listening config: dataId=item-service, group=DEFAULT_GROUP
00:09:17:166  INFO 31152 --- [http-nio-10010-exec-1] o.a.c.c.C.[Tomcat].[localhost].[/]       : Initializing Spring DispatcherServlet 'dispatcherServlet'
00:09:17:166  INFO 31152 --- [http-nio-10010-exec-1] o.s.web.servlet.DispatcherServlet        : Initializing Servlet 'dispatcherServlet'
00:09:17:168  INFO 31152 --- [http-nio-10010-exec-1] o.s.web.servlet.DispatcherServlet        : Completed initialization in 2 ms
00:09:56:989  WARN 31152 --- [Thread-5] c.a.nacos.common.notify.NotifyCenter     : [NotifyCenter] Start destroying Publisher
00:09:56:989  WARN 31152 --- [Thread-1] c.a.n.common.http.HttpClientBeanHolder   : [HttpClientBeanHolder] Start destroying common HttpClient
00:09:56:990  WARN 31152 --- [Thread-5] c.a.nacos.common.notify.NotifyCenter     : [NotifyCenter] Destruction of the end
00:09:56:990  WARN 31152 --- [Thread-1] c.a.n.common.http.HttpClientBeanHolder   : [HttpClientBeanHolder] Destruction of the end
00:09:57:464  INFO 31152 --- [SpringApplicationShutdownHook] c.a.c.n.registry.NacosServiceRegistry    : De-registering from Nacos Server now...
00:09:57:731  INFO 31152 --- [SpringApplicationShutdownHook] c.a.c.n.registry.NacosServiceRegistry    : De-registration finished.
00:09:58:057  INFO 31152 --- [SpringApplicationShutdownHook] com.alibaba.nacos.common.remote.client   : Shutdown rpc client, set status to shutdown
00:09:58:057  INFO 31152 --- [SpringApplicationShutdownHook] com.alibaba.nacos.common.remote.client   : Shutdown client event executor java.util.concurrent.ScheduledThreadPoolExecutor@385e7fb8[Running, pool size = 2, active threads = 2, queued tasks = 0, completed tasks = 0]
00:09:58:057  INFO 31152 --- [SpringApplicationShutdownHook] com.alibaba.nacos.common.remote.client   : Close current connection 1728317330530_118.181.164.57_47733
00:09:58:062  INFO 31152 --- [SpringApplicationShutdownHook] c.a.n.c.remote.client.grpc.GrpcClient    : Shutdown grpc executor java.util.concurrent.ThreadPoolExecutor@7d7a2164[Running, pool size = 4, active threads = 0, queued tasks = 0, completed tasks = 23]
