00:34:24:181  INFO 30996 --- [main] com.study.user.UserApplication           : The following 1 profile is active: "dev"
00:34:24:834  INFO 30996 --- [main] o.s.cloud.context.scope.GenericScope     : BeanFactory id=07128250-0cd9-3ba8-9e57-3e4d3e220774
00:34:25:113  INFO 30996 --- [main] o.s.b.w.embedded.tomcat.TomcatWebServer  : Tomcat initialized with port(s): 10040 (http)
00:34:25:120  INFO 30996 --- [main] o.apache.catalina.core.StandardService   : Starting service [Tomcat]
00:34:25:120  INFO 30996 --- [main] org.apache.catalina.core.StandardEngine  : Starting Servlet engine: [Apache Tomcat/9.0.75]
00:34:25:217  INFO 30996 --- [main] o.a.c.c.C.[Tomcat].[localhost].[/]       : Initializing Spring embedded WebApplicationContext
00:34:25:217  INFO 30996 --- [main] w.s.c.ServletWebServerApplicationContext : Root WebApplicationContext: initialization completed in 1022 ms
00:34:27:110  INFO 30996 --- [main] pertySourcedRequestMappingHandlerMapping : Mapped URL path [/v2/api-docs] onto method [springfox.documentation.swagger2.web.Swagger2ControllerWebMvc#getDocumentation(String, HttpServletRequest)]
00:34:27:677  INFO 30996 --- [main] com.alibaba.nacos.common.remote.client   : [RpcClientFactory] create a new rpc client of 2b810e94-eac4-4441-938f-7ce3314ebf5d
00:34:27:677  INFO 30996 --- [main] com.alibaba.nacos.common.remote.client   : [2b810e94-eac4-4441-938f-7ce3314ebf5d] RpcClient init label, labels = {module=naming, source=sdk}
00:34:27:679  INFO 30996 --- [main] com.alibaba.nacos.common.remote.client   : [2b810e94-eac4-4441-938f-7ce3314ebf5d] RpcClient init, ServerListFactory = com.alibaba.nacos.client.naming.core.ServerListManager
00:34:27:680  INFO 30996 --- [main] com.alibaba.nacos.common.remote.client   : [2b810e94-eac4-4441-938f-7ce3314ebf5d] Registry connection listener to current client:com.alibaba.nacos.client.naming.remote.gprc.redo.NamingGrpcRedoService
00:34:27:680  INFO 30996 --- [main] com.alibaba.nacos.common.remote.client   : [2b810e94-eac4-4441-938f-7ce3314ebf5d] Register server push request handler:com.alibaba.nacos.client.naming.remote.gprc.NamingPushRequestHandler
00:34:27:680  INFO 30996 --- [main] com.alibaba.nacos.common.remote.client   : [2b810e94-eac4-4441-938f-7ce3314ebf5d] Try to connect to server on start up, server: {serverIp = '122.51.89.85', server main port = 8848}
00:34:27:916  INFO 30996 --- [main] com.alibaba.nacos.common.remote.client   : [2b810e94-eac4-4441-938f-7ce3314ebf5d] Success to connect to server [122.51.89.85:8848] on start up, connectionId = 1731170067726_111.19.93.232_25534
00:34:27:916  INFO 30996 --- [main] com.alibaba.nacos.common.remote.client   : [2b810e94-eac4-4441-938f-7ce3314ebf5d] Register server push request handler:com.alibaba.nacos.common.remote.client.RpcClient$ConnectResetRequestHandler
00:34:27:916  INFO 30996 --- [main] com.alibaba.nacos.common.remote.client   : [2b810e94-eac4-4441-938f-7ce3314ebf5d] Register server push request handler:com.alibaba.nacos.common.remote.client.RpcClient$$Lambda$471/0x000000080041b440
00:34:27:916  INFO 30996 --- [com.alibaba.nacos.client.remote.worker] com.alibaba.nacos.common.remote.client   : [2b810e94-eac4-4441-938f-7ce3314ebf5d] Notify connected event to listeners.
00:34:27:991  INFO 30996 --- [main] o.s.b.w.embedded.tomcat.TomcatWebServer  : Tomcat started on port(s): 10040 (http) with context path ''
00:34:28:035  INFO 30996 --- [main] c.a.c.n.registry.NacosServiceRegistry    : nacos registry, DEFAULT_GROUP user-service 192.168.0.103:10040 register finished
00:34:28:338  INFO 30996 --- [main] d.s.w.p.DocumentationPluginsBootstrapper : Documentation plugins bootstrapped
00:34:28:341  INFO 30996 --- [main] d.s.w.p.DocumentationPluginsBootstrapper : Found 1 custom documentation plugin(s)
00:34:28:357  INFO 30996 --- [main] s.d.s.w.s.ApiListingReferenceScanner     : Scanning for api listing references
00:34:28:430  INFO 30996 --- [main] com.study.user.UserApplication           : Started UserApplication in 7.412 seconds (JVM running for 8.169)
00:34:28:434  INFO 30996 --- [main] c.a.c.n.refresh.NacosContextRefresher    : [Nacos Config] Listening config: dataId=user-service.yaml, group=DEFAULT_GROUP
00:34:28:435  INFO 30996 --- [main] c.a.c.n.refresh.NacosContextRefresher    : [Nacos Config] Listening config: dataId=user-service-dev.yaml, group=DEFAULT_GROUP
00:34:28:435  INFO 30996 --- [main] c.a.c.n.refresh.NacosContextRefresher    : [Nacos Config] Listening config: dataId=user-service, group=DEFAULT_GROUP
00:34:28:526  INFO 30996 --- [nacos-grpc-client-executor-6] com.alibaba.nacos.common.remote.client   : [2b810e94-eac4-4441-938f-7ce3314ebf5d] Receive server push request, request = NotifySubscriberRequest, requestId = 199
00:34:28:529  INFO 30996 --- [nacos-grpc-client-executor-6] com.alibaba.nacos.common.remote.client   : [2b810e94-eac4-4441-938f-7ce3314ebf5d] Ack server push request, request = NotifySubscriberRequest, requestId = 199
00:55:26:231  WARN 30996 --- [Thread-1] c.a.n.common.http.HttpClientBeanHolder   : [HttpClientBeanHolder] Start destroying common HttpClient
00:55:26:231  WARN 30996 --- [Thread-5] c.a.nacos.common.notify.NotifyCenter     : [NotifyCenter] Start destroying Publisher
00:55:26:232  WARN 30996 --- [Thread-5] c.a.nacos.common.notify.NotifyCenter     : [NotifyCenter] Destruction of the end
00:55:26:232  WARN 30996 --- [Thread-1] c.a.n.common.http.HttpClientBeanHolder   : [HttpClientBeanHolder] Destruction of the end
00:55:26:518  INFO 30996 --- [SpringApplicationShutdownHook] c.a.c.n.registry.NacosServiceRegistry    : De-registering from Nacos Server now...
00:55:26:557  INFO 30996 --- [SpringApplicationShutdownHook] c.a.c.n.registry.NacosServiceRegistry    : De-registration finished.
00:55:26:887  INFO 30996 --- [SpringApplicationShutdownHook] com.alibaba.nacos.common.remote.client   : Shutdown rpc client, set status to shutdown
00:55:26:887  INFO 30996 --- [SpringApplicationShutdownHook] com.alibaba.nacos.common.remote.client   : Shutdown client event executor java.util.concurrent.ScheduledThreadPoolExecutor@335d56f3[Running, pool size = 2, active threads = 2, queued tasks = 0, completed tasks = 0]
00:55:26:887  INFO 30996 --- [SpringApplicationShutdownHook] com.alibaba.nacos.common.remote.client   : Close current connection 1731170067726_111.19.93.232_25534
00:55:26:891  INFO 30996 --- [SpringApplicationShutdownHook] c.a.n.c.remote.client.grpc.GrpcClient    : Shutdown grpc executor java.util.concurrent.ThreadPoolExecutor@56d465c1[Running, pool size = 4, active threads = 0, queued tasks = 0, completed tasks = 262]
