20:14:51:931  INFO 11760 --- [main] com.study.order.OrderApplication         : Starting OrderApplication using Java 11.0.23 on LAPTOP-AKR8V6JF with PID 11760 (E:\Mall\eBuymall\order-service\target\classes started by 33879 in E:\Mall\eBuymall)
20:14:51:934  INFO 11760 --- [main] com.study.order.OrderApplication         : The following 1 profile is active: "dev"
20:14:53:044  INFO 11760 --- [main] o.s.cloud.context.scope.GenericScope     : BeanFactory id=376e732a-d07a-35ee-9515-b47262850083
20:14:53:369  INFO 11760 --- [main] o.s.b.w.embedded.tomcat.TomcatWebServer  : Tomcat initialized with port(s): 10300 (http)
20:14:53:377  INFO 11760 --- [main] o.apache.catalina.core.StandardService   : Starting service [Tomcat]
20:14:53:378  INFO 11760 --- [main] org.apache.catalina.core.StandardEngine  : Starting Servlet engine: [Apache Tomcat/9.0.75]
20:14:53:495  INFO 11760 --- [main] o.a.c.c.C.[Tomcat].[localhost].[/]       : Initializing Spring embedded WebApplicationContext
20:14:53:495  INFO 11760 --- [main] w.s.c.ServletWebServerApplicationContext : Root WebApplicationContext: initialization completed in 1526 ms
20:14:55:318  INFO 11760 --- [main] o.s.c.openfeign.FeignClientFactoryBean   : For 'item-service' URL not provided. Will try picking an instance via load-balancing.
20:14:55:391  INFO 11760 --- [main] o.s.c.openfeign.FeignClientFactoryBean   : For 'cart-service' URL not provided. Will try picking an instance via load-balancing.
20:14:56:611  INFO 11760 --- [main] pertySourcedRequestMappingHandlerMapping : Mapped URL path [/v2/api-docs] onto method [springfox.documentation.swagger2.web.Swagger2ControllerWebMvc#getDocumentation(String, HttpServletRequest)]
20:14:57:718  INFO 11760 --- [main] com.alibaba.nacos.common.remote.client   : [RpcClientFactory] create a new rpc client of eb48fd12-b466-4126-9465-9a7cef62afe3
20:14:57:766  INFO 11760 --- [main] org.reflections.Reflections              : Reflections took 28 ms to scan 1 urls, producing 3 keys and 6 values 
20:14:57:795  INFO 11760 --- [main] org.reflections.Reflections              : Reflections took 10 ms to scan 1 urls, producing 4 keys and 9 values 
20:14:57:805  INFO 11760 --- [main] org.reflections.Reflections              : Reflections took 6 ms to scan 1 urls, producing 3 keys and 10 values 
20:14:57:808  WARN 11760 --- [main] org.reflections.Reflections              : given scan urls are empty. set urls in the configuration
20:14:57:814  INFO 11760 --- [main] org.reflections.Reflections              : Reflections took 6 ms to scan 1 urls, producing 1 keys and 5 values 
20:14:57:825  INFO 11760 --- [main] org.reflections.Reflections              : Reflections took 7 ms to scan 1 urls, producing 1 keys and 7 values 
20:14:57:836  INFO 11760 --- [main] org.reflections.Reflections              : Reflections took 6 ms to scan 1 urls, producing 2 keys and 8 values 
20:14:57:839  WARN 11760 --- [main] org.reflections.Reflections              : given scan urls are empty. set urls in the configuration
20:14:57:841  INFO 11760 --- [main] com.alibaba.nacos.common.remote.client   : [eb48fd12-b466-4126-9465-9a7cef62afe3] RpcClient init label, labels = {module=naming, source=sdk}
20:14:57:842  INFO 11760 --- [main] com.alibaba.nacos.common.remote.client   : [eb48fd12-b466-4126-9465-9a7cef62afe3] RpcClient init, ServerListFactory = com.alibaba.nacos.client.naming.core.ServerListManager
20:14:57:842  INFO 11760 --- [main] com.alibaba.nacos.common.remote.client   : [eb48fd12-b466-4126-9465-9a7cef62afe3] Registry connection listener to current client:com.alibaba.nacos.client.naming.remote.gprc.redo.NamingGrpcRedoService
20:14:57:843  INFO 11760 --- [main] com.alibaba.nacos.common.remote.client   : [eb48fd12-b466-4126-9465-9a7cef62afe3] Register server push request handler:com.alibaba.nacos.client.naming.remote.gprc.NamingPushRequestHandler
20:14:57:846  INFO 11760 --- [main] com.alibaba.nacos.common.remote.client   : [eb48fd12-b466-4126-9465-9a7cef62afe3] Try to connect to server on start up, server: {serverIp = '122.51.89.85', server main port = 8848}
20:15:00:702  INFO 11760 --- [main] com.alibaba.nacos.common.remote.client   : [eb48fd12-b466-4126-9465-9a7cef62afe3] Success to connect to server [122.51.89.85:8848] on start up, connectionId = 1725365700232_58.208.133.208_56718
20:15:00:703  INFO 11760 --- [com.alibaba.nacos.client.remote.worker] com.alibaba.nacos.common.remote.client   : [eb48fd12-b466-4126-9465-9a7cef62afe3] Notify connected event to listeners.
20:15:00:704  INFO 11760 --- [main] com.alibaba.nacos.common.remote.client   : [eb48fd12-b466-4126-9465-9a7cef62afe3] Register server push request handler:com.alibaba.nacos.common.remote.client.RpcClient$ConnectResetRequestHandler
20:15:00:707  INFO 11760 --- [main] com.alibaba.nacos.common.remote.client   : [eb48fd12-b466-4126-9465-9a7cef62afe3] Register server push request handler:com.alibaba.nacos.common.remote.client.RpcClient$$Lambda$974/0x0000000800745c40
20:15:00:808  INFO 11760 --- [main] o.s.b.w.embedded.tomcat.TomcatWebServer  : Tomcat started on port(s): 10300 (http) with context path ''
20:15:00:847  INFO 11760 --- [main] c.a.c.n.registry.NacosServiceRegistry    : nacos registry, DEFAULT_GROUP mapper-service 192.168.2.3:10300 register finished
20:15:01:329  INFO 11760 --- [nacos-grpc-client-executor-10] com.alibaba.nacos.common.remote.client   : [eb48fd12-b466-4126-9465-9a7cef62afe3] Receive server push request, request = NotifySubscriberRequest, requestId = 71
20:15:01:333  INFO 11760 --- [nacos-grpc-client-executor-10] com.alibaba.nacos.common.remote.client   : [eb48fd12-b466-4126-9465-9a7cef62afe3] Ack server push request, request = NotifySubscriberRequest, requestId = 71
20:15:01:816  INFO 11760 --- [main] d.s.w.p.DocumentationPluginsBootstrapper : Documentation plugins bootstrapped
20:15:01:818  INFO 11760 --- [main] d.s.w.p.DocumentationPluginsBootstrapper : Found 1 custom documentation plugin(s)
20:15:01:843  INFO 11760 --- [main] s.d.s.w.s.ApiListingReferenceScanner     : Scanning for api listing references
20:15:01:950  INFO 11760 --- [main] com.study.order.OrderApplication         : Started OrderApplication in 11.174 seconds (JVM running for 12.357)
20:26:39:911  WARN 11760 --- [Thread-7] c.a.n.common.http.HttpClientBeanHolder   : [HttpClientBeanHolder] Start destroying common HttpClient
20:26:39:911  WARN 11760 --- [Thread-4] c.a.nacos.common.notify.NotifyCenter     : [NotifyCenter] Start destroying Publisher
20:26:39:912  WARN 11760 --- [Thread-4] c.a.nacos.common.notify.NotifyCenter     : [NotifyCenter] Destruction of the end
20:26:39:912  WARN 11760 --- [Thread-7] c.a.n.common.http.HttpClientBeanHolder   : [HttpClientBeanHolder] Destruction of the end
20:26:41:026  INFO 11760 --- [SpringApplicationShutdownHook] c.a.c.n.registry.NacosServiceRegistry    : De-registering from Nacos Server now...
20:26:41:055  INFO 11760 --- [SpringApplicationShutdownHook] c.a.c.n.registry.NacosServiceRegistry    : De-registration finished.
20:26:41:382  INFO 11760 --- [SpringApplicationShutdownHook] com.alibaba.nacos.common.remote.client   : Shutdown rpc client, set status to shutdown
20:26:41:382  INFO 11760 --- [SpringApplicationShutdownHook] com.alibaba.nacos.common.remote.client   : Shutdown client event executor java.util.concurrent.ScheduledThreadPoolExecutor@5532ef1d[Running, pool size = 2, active threads = 2, queued tasks = 0, completed tasks = 0]
20:26:41:382  INFO 11760 --- [SpringApplicationShutdownHook] com.alibaba.nacos.common.remote.client   : Close current connection 1725365700232_58.208.133.208_56718
20:26:41:386  INFO 11760 --- [SpringApplicationShutdownHook] c.a.n.c.remote.client.grpc.GrpcClient    : Shutdown grpc executor java.util.concurrent.ThreadPoolExecutor@649aaed3[Running, pool size = 4, active threads = 0, queued tasks = 0, completed tasks = 166]
